<?xml version="1.0" encoding="UTF-8"?>
<testsuite name="cn.com.sinosafe.HaxbPartnerApplicationTest" time="5.191" tests="3" errors="0" skipped="0" failures="0">
  <properties>
[...]
</properties>
  <testcase name="test" classname="cn.com.sinosafe.HaxbPartnerApplicationTest" time="0.073"/>
  <testcase name="contextLoads" classname="cn.com.sinosafe.HaxbPartnerApplicationTest" time="5.109"/>
  <testcase name="testMapper" classname="cn.com.sinosafe.HaxbPartnerApplicationTest" time="0.009"/>
</testsuite>